<?xml version="1.0" encoding="UTF-8"?>
<!-- Generated by org.testng.reporters.JUnitXMLReporter -->
<testsuite ignored="0" hostname="ICPL15081" failures="1" tests="20" name="Test" time="108.24" errors="0" timestamp="2023-01-31T00:53:38 IST">
  <testcase classname="script.TestCase2" name="demo1" time="0.01"/>
  <testcase classname="script.TestCase2" name="demo2" time="0.002"/>
  <testcase classname="script.TestCase2" name="demo3" time="0.001"/>
  <testcase classname="script.TestCase2" name="demo4" time="0.001"/>
  <testcase classname="script.TestCase2" name="tc2" time="4.652"/>
  <testcase classname="script.TestCase3" name="demo1" time="0.0"/>
  <testcase classname="script.TestCase3" name="demo2" time="0.001"/>
  <testcase classname="script.TestCase3" name="demo3" time="0.001"/>
  <testcase classname="script.TestCase3" name="demo4" time="0.001"/>
  <testcase classname="script.TestCase3" name="tc3" time="15.798"/>
  <testcase classname="script.TestCase4" name="demo1" time="0.001"/>
  <testcase classname="script.TestCase4" name="demo2" time="0.001"/>
  <testcase classname="script.TestCase4" name="demo3" time="0.0"/>
  <testcase classname="script.TestCase4" name="demo4" time="0.001"/>
  <testcase classname="script.TestCase4" name="tc4" time="25.921">
    <failure type="org.openqa.selenium.StaleElementReferenceException" message="stale element reference: element is not attached to the page document
  (Session info: chrome=108.0.5359.126)
For documentation on this error, please visit: https://www.seleniumhq.org/exceptions/stale_element_reference.html
Build info: version: &amp;apos;3.141.59&amp;apos;, revision: &amp;apos;e82be7d358&amp;apos;, time: &amp;apos;2018-11-14T08:17:03&amp;apos;
System info: host: &amp;apos;ICPL15081&amp;apos;, ip: &amp;apos;192.168.29.82&amp;apos;, os.name: &amp;apos;Windows 10&amp;apos;, os.arch: &amp;apos;amd64&amp;apos;, os.version: &amp;apos;10.0&amp;apos;, java.version: &amp;apos;17.0.5&amp;apos;
Driver info: org.openqa.selenium.chrome.ChromeDriver
Capabilities {acceptInsecureCerts: false, browserName: chrome, browserVersion: 108.0.5359.126, chrome: {chromedriverVersion: 108.0.5359.71 (1e0e3868ee06..., userDataDir: C:\Users\SHRUTI~1.DHA\AppDa...}, goog:chromeOptions: {debuggerAddress: localhost:65040}, javascriptEnabled: true, networkConnectionEnabled: false, pageLoadStrategy: normal, platform: WINDOWS, platformName: WINDOWS, proxy: Proxy(), setWindowRect: true, strictFileInteractability: false, timeouts: {implicit: 0, pageLoad: 300000, script: 30000}, unhandledPromptBehavior: dismiss and notify, webauthn:extension:credBlob: true, webauthn:extension:largeBlob: true, webauthn:virtualAuthenticators: true}
Session ID: 28c9af066331332568194da6dc6e54b4">
      <![CDATA[org.openqa.selenium.StaleElementReferenceException: stale element reference: element is not attached to the page document
  (Session info: chrome=108.0.5359.126)
For documentation on this error, please visit: https://www.seleniumhq.org/exceptions/stale_element_reference.html
Build info: version: '3.141.59', revision: 'e82be7d358', time: '2018-11-14T08:17:03'
System info: host: 'ICPL15081', ip: '192.168.29.82', os.name: 'Windows 10', os.arch: 'amd64', os.version: '10.0', java.version: '17.0.5'
Driver info: org.openqa.selenium.chrome.ChromeDriver
Capabilities {acceptInsecureCerts: false, browserName: chrome, browserVersion: 108.0.5359.126, chrome: {chromedriverVersion: 108.0.5359.71 (1e0e3868ee06..., userDataDir: C:\Users\SHRUTI~1.DHA\AppDa...}, goog:chromeOptions: {debuggerAddress: localhost:65040}, javascriptEnabled: true, networkConnectionEnabled: false, pageLoadStrategy: normal, platform: WINDOWS, platformName: WINDOWS, proxy: Proxy(), setWindowRect: true, strictFileInteractability: false, timeouts: {implicit: 0, pageLoad: 300000, script: 30000}, unhandledPromptBehavior: dismiss and notify, webauthn:extension:credBlob: true, webauthn:extension:largeBlob: true, webauthn:virtualAuthenticators: true}
Session ID: 28c9af066331332568194da6dc6e54b4
at org.openqa.selenium.remote.http.W3CHttpResponseCodec.createException(W3CHttpResponseCodec.java:187)
at org.openqa.selenium.remote.http.W3CHttpResponseCodec.decode(W3CHttpResponseCodec.java:122)
at org.openqa.selenium.remote.http.W3CHttpResponseCodec.decode(W3CHttpResponseCodec.java:49)
at org.openqa.selenium.remote.HttpCommandExecutor.execute(HttpCommandExecutor.java:158)
at org.openqa.selenium.remote.service.DriverCommandExecutor.execute(DriverCommandExecutor.java:83)
at org.openqa.selenium.remote.RemoteWebDriver.execute(RemoteWebDriver.java:552)
at org.openqa.selenium.remote.RemoteWebElement.execute(RemoteWebElement.java:285)
at org.openqa.selenium.remote.RemoteWebElement.getAttribute(RemoteWebElement.java:134)
at script.TestCase4.tc4(TestCase4.java:19)
at java.base/java.util.ArrayList.forEach(ArrayList.java:1511)
... Removed 32 stack frames]]>
    </failure>
  </testcase> <!-- tc4 -->
  <testcase classname="script.TestCase1" name="demo1" time="0.0"/>
  <testcase classname="script.TestCase1" name="demo2" time="0.001"/>
  <testcase classname="script.TestCase1" name="demo3" time="0.001"/>
  <testcase classname="script.TestCase1" name="demo4" time="0.0"/>
  <testcase classname="script.TestCase1" name="tc1" time="4.042"/>
</testsuite> <!-- Test -->
