<?xml version="1.0" encoding="UTF-8"?>
<testng-results ignored="0" total="20" passed="19" failed="1" skipped="0">
  <reporter-output>
    <line>
      <![CDATA[TestCase4 Smoke]]>
    </line>
    <line>
      <![CDATA[TestCase3 Smoke]]>
    </line>
    <line>
      <![CDATA[TestCase2 Smoke]]>
    </line>
    <line>
      <![CDATA[TestCase4 Regression]]>
    </line>
    <line>
      <![CDATA[TestCase3 Regression]]>
    </line>
    <line>
      <![CDATA[TestCase2 Regression]]>
    </line>
    <line>
      <![CDATA[TestCase4 NoSmoke-NoRegression]]>
    </line>
    <line>
      <![CDATA[TestCase3 NoSmoke-NoRegression]]>
    </line>
    <line>
      <![CDATA[TestCase2 NoSmoke-NoRegression]]>
    </line>
    <line>
      <![CDATA[TestCase4 RegionalRegression]]>
    </line>
    <line>
      <![CDATA[TestCase3 RegionalRegression]]>
    </line>
    <line>
      <![CDATA[TestCase2 RegionalRegression]]>
    </line>
    <line>
      <![CDATA[TestCase2 executed successfully]]>
    </line>
    <line>
      <![CDATA[TestCase3 executed successfully]]>
    </line>
    <line>
      <![CDATA[TestCase1 Smoke]]>
    </line>
    <line>
      <![CDATA[TestCase1 Regression]]>
    </line>
    <line>
      <![CDATA[TestCase1 NoSmoke-NoRegression]]>
    </line>
    <line>
      <![CDATA[TestCase1 RegionalRegression]]>
    </line>
    <line>
      <![CDATA[TestCase1 executed successfully]]>
    </line>
  </reporter-output>
  <suite started-at="2023-01-31T00:53:53 IST" name="Suite" finished-at="2023-01-31T00:55:06 IST" duration-ms="72759">
    <groups>
      <group name="RegressionSuite">
        <method signature="TestCase2.demo2()[pri:0, instance:script.TestCase2@69997e9d]" name="demo2" class="script.TestCase2"/>
        <method signature="TestCase3.demo2()[pri:0, instance:script.TestCase3@4803b726]" name="demo2" class="script.TestCase3"/>
        <method signature="TestCase3.tc3()[pri:0, instance:script.TestCase3@4803b726]" name="tc3" class="script.TestCase3"/>
        <method signature="TestCase1.demo2()[pri:0, instance:script.TestCase1@4dbb42b7]" name="demo2" class="script.TestCase1"/>
        <method signature="TestCase1.tc1()[pri:0, instance:script.TestCase1@4dbb42b7]" name="tc1" class="script.TestCase1"/>
        <method signature="TestCase4.demo2()[pri:0, instance:script.TestCase4@2c1b194a]" name="demo2" class="script.TestCase4"/>
      </group> <!-- RegressionSuite -->
      <group name="SmokeSuite">
        <method signature="TestCase2.demo1()[pri:0, instance:script.TestCase2@69997e9d]" name="demo1" class="script.TestCase2"/>
        <method signature="TestCase2.tc2()[pri:0, instance:script.TestCase2@69997e9d]" name="tc2" class="script.TestCase2"/>
        <method signature="TestCase3.demo1()[pri:0, instance:script.TestCase3@4803b726]" name="demo1" class="script.TestCase3"/>
        <method signature="TestCase1.demo1()[pri:0, instance:script.TestCase1@4dbb42b7]" name="demo1" class="script.TestCase1"/>
        <method signature="TestCase4.demo1()[pri:0, instance:script.TestCase4@2c1b194a]" name="demo1" class="script.TestCase4"/>
        <method signature="TestCase4.tc4()[pri:0, instance:script.TestCase4@2c1b194a]" name="tc4" class="script.TestCase4"/>
      </group> <!-- SmokeSuite -->
    </groups>
    <test started-at="2023-01-31T00:53:53 IST" name="Test-Runner-1" finished-at="2023-01-31T00:54:28 IST" duration-ms="35128">
      <class name="script.TestCase2">
        <test-method is-config="true" signature="openApp()[pri:0, instance:script.TestCase2@69997e9d]" started-at="2023-01-31T00:53:53 IST" name="openApp" finished-at="2023-01-31T00:53:58 IST" duration-ms="5197" status="PASS">
          <reporter-output>
          </reporter-output>
        </test-method> <!-- openApp -->
        <test-method signature="demo1()[pri:0, instance:script.TestCase2@69997e9d]" started-at="2023-01-31T00:53:58 IST" name="demo1" finished-at="2023-01-31T00:53:58 IST" duration-ms="1" status="PASS">
          <reporter-output>
            <line>
              <![CDATA[TestCase2 Smoke]]>
            </line>
          </reporter-output>
        </test-method> <!-- demo1 -->
        <test-method is-config="true" signature="closeApp(org.testng.ITestResult)[pri:0, instance:script.TestCase2@69997e9d]" started-at="2023-01-31T00:53:58 IST" name="closeApp" finished-at="2023-01-31T00:53:59 IST" duration-ms="224" status="PASS">
          <params>
            <param index="0">
              <value>
                <![CDATA[[TestResult name=demo1 status=SUCCESS method=TestCase2.demo1()[pri:0, instance:script.TestCase2@69997e9d] output=TestCase2 Smoke]]]>
              </value>
            </param>
          </params>
          <reporter-output>
          </reporter-output>
        </test-method> <!-- closeApp -->
        <test-method is-config="true" signature="openApp()[pri:0, instance:script.TestCase2@69997e9d]" started-at="2023-01-31T00:53:59 IST" name="openApp" finished-at="2023-01-31T00:54:04 IST" duration-ms="5716" status="PASS">
          <reporter-output>
          </reporter-output>
        </test-method> <!-- openApp -->
        <test-method signature="demo2()[pri:0, instance:script.TestCase2@69997e9d]" started-at="2023-01-31T00:54:04 IST" name="demo2" finished-at="2023-01-31T00:54:04 IST" duration-ms="1" status="PASS">
          <reporter-output>
            <line>
              <![CDATA[TestCase2 Regression]]>
            </line>
          </reporter-output>
        </test-method> <!-- demo2 -->
        <test-method is-config="true" signature="closeApp(org.testng.ITestResult)[pri:0, instance:script.TestCase2@69997e9d]" started-at="2023-01-31T00:54:04 IST" name="closeApp" finished-at="2023-01-31T00:54:05 IST" duration-ms="226" status="PASS">
          <params>
            <param index="0">
              <value>
                <![CDATA[[TestResult name=demo2 status=SUCCESS method=TestCase2.demo2()[pri:0, instance:script.TestCase2@69997e9d] output=TestCase2 Regression]]]>
              </value>
            </param>
          </params>
          <reporter-output>
          </reporter-output>
        </test-method> <!-- closeApp -->
        <test-method is-config="true" signature="openApp()[pri:0, instance:script.TestCase2@69997e9d]" started-at="2023-01-31T00:54:05 IST" name="openApp" finished-at="2023-01-31T00:54:10 IST" duration-ms="5887" status="PASS">
          <reporter-output>
          </reporter-output>
        </test-method> <!-- openApp -->
        <test-method signature="demo3()[pri:0, instance:script.TestCase2@69997e9d]" started-at="2023-01-31T00:54:10 IST" name="demo3" finished-at="2023-01-31T00:54:10 IST" duration-ms="2" status="PASS">
          <reporter-output>
            <line>
              <![CDATA[TestCase2 NoSmoke-NoRegression]]>
            </line>
          </reporter-output>
        </test-method> <!-- demo3 -->
        <test-method is-config="true" signature="closeApp(org.testng.ITestResult)[pri:0, instance:script.TestCase2@69997e9d]" started-at="2023-01-31T00:54:10 IST" name="closeApp" finished-at="2023-01-31T00:54:11 IST" duration-ms="360" status="PASS">
          <params>
            <param index="0">
              <value>
                <![CDATA[[TestResult name=demo3 status=SUCCESS method=TestCase2.demo3()[pri:0, instance:script.TestCase2@69997e9d] output=TestCase2 NoSmoke-NoRegression]]]>
              </value>
            </param>
          </params>
          <reporter-output>
          </reporter-output>
        </test-method> <!-- closeApp -->
        <test-method is-config="true" signature="openApp()[pri:0, instance:script.TestCase2@69997e9d]" started-at="2023-01-31T00:54:11 IST" name="openApp" finished-at="2023-01-31T00:54:17 IST" duration-ms="6221" status="PASS">
          <reporter-output>
          </reporter-output>
        </test-method> <!-- openApp -->
        <test-method signature="demo4()[pri:0, instance:script.TestCase2@69997e9d]" started-at="2023-01-31T00:54:17 IST" name="demo4" finished-at="2023-01-31T00:54:17 IST" duration-ms="1" status="PASS">
          <reporter-output>
            <line>
              <![CDATA[TestCase2 RegionalRegression]]>
            </line>
          </reporter-output>
        </test-method> <!-- demo4 -->
        <test-method is-config="true" signature="closeApp(org.testng.ITestResult)[pri:0, instance:script.TestCase2@69997e9d]" started-at="2023-01-31T00:54:17 IST" name="closeApp" finished-at="2023-01-31T00:54:17 IST" duration-ms="202" status="PASS">
          <params>
            <param index="0">
              <value>
                <![CDATA[[TestResult name=demo4 status=SUCCESS method=TestCase2.demo4()[pri:0, instance:script.TestCase2@69997e9d] output=TestCase2 RegionalRegression]]]>
              </value>
            </param>
          </params>
          <reporter-output>
          </reporter-output>
        </test-method> <!-- closeApp -->
        <test-method is-config="true" signature="openApp()[pri:0, instance:script.TestCase2@69997e9d]" started-at="2023-01-31T00:54:17 IST" name="openApp" finished-at="2023-01-31T00:54:23 IST" duration-ms="5265" status="PASS">
          <reporter-output>
          </reporter-output>
        </test-method> <!-- openApp -->
        <test-method signature="tc2()[pri:0, instance:script.TestCase2@69997e9d]" started-at="2023-01-31T00:54:23 IST" name="tc2" finished-at="2023-01-31T00:54:28 IST" duration-ms="5367" status="PASS">
          <reporter-output>
            <line>
              <![CDATA[TestCase2 executed successfully]]>
            </line>
          </reporter-output>
        </test-method> <!-- tc2 -->
        <test-method is-config="true" signature="closeApp(org.testng.ITestResult)[pri:0, instance:script.TestCase2@69997e9d]" started-at="2023-01-31T00:54:28 IST" name="closeApp" finished-at="2023-01-31T00:54:28 IST" duration-ms="413" status="PASS">
          <params>
            <param index="0">
              <value>
                <![CDATA[[TestResult name=tc2 status=SUCCESS method=TestCase2.tc2()[pri:0, instance:script.TestCase2@69997e9d] output=TestCase2 executed successfully]]]>
              </value>
            </param>
          </params>
          <reporter-output>
          </reporter-output>
        </test-method> <!-- closeApp -->
      </class> <!-- script.TestCase2 -->
    </test> <!-- Test-Runner-1 -->
    <test started-at="2023-01-31T00:53:53 IST" name="Test-Runner-2" finished-at="2023-01-31T00:54:37 IST" duration-ms="43976">
      <class name="script.TestCase3">
        <test-method is-config="true" signature="openApp()[pri:0, instance:script.TestCase3@4803b726]" started-at="2023-01-31T00:53:53 IST" name="openApp" finished-at="2023-01-31T00:53:58 IST" duration-ms="5103" status="PASS">
          <reporter-output>
          </reporter-output>
        </test-method> <!-- openApp -->
        <test-method signature="demo1()[pri:0, instance:script.TestCase3@4803b726]" started-at="2023-01-31T00:53:58 IST" name="demo1" finished-at="2023-01-31T00:53:58 IST" duration-ms="1" status="PASS">
          <reporter-output>
            <line>
              <![CDATA[TestCase3 Smoke]]>
            </line>
          </reporter-output>
        </test-method> <!-- demo1 -->
        <test-method is-config="true" signature="closeApp(org.testng.ITestResult)[pri:0, instance:script.TestCase3@4803b726]" started-at="2023-01-31T00:53:58 IST" name="closeApp" finished-at="2023-01-31T00:53:59 IST" duration-ms="256" status="PASS">
          <params>
            <param index="0">
              <value>
                <![CDATA[[TestResult name=demo1 status=SUCCESS method=TestCase3.demo1()[pri:0, instance:script.TestCase3@4803b726] output=TestCase3 Smoke]]]>
              </value>
            </param>
          </params>
          <reporter-output>
          </reporter-output>
        </test-method> <!-- closeApp -->
        <test-method is-config="true" signature="openApp()[pri:0, instance:script.TestCase3@4803b726]" started-at="2023-01-31T00:53:59 IST" name="openApp" finished-at="2023-01-31T00:54:04 IST" duration-ms="5462" status="PASS">
          <reporter-output>
          </reporter-output>
        </test-method> <!-- openApp -->
        <test-method signature="demo2()[pri:0, instance:script.TestCase3@4803b726]" started-at="2023-01-31T00:54:04 IST" name="demo2" finished-at="2023-01-31T00:54:04 IST" duration-ms="1" status="PASS">
          <reporter-output>
            <line>
              <![CDATA[TestCase3 Regression]]>
            </line>
          </reporter-output>
        </test-method> <!-- demo2 -->
        <test-method is-config="true" signature="closeApp(org.testng.ITestResult)[pri:0, instance:script.TestCase3@4803b726]" started-at="2023-01-31T00:54:04 IST" name="closeApp" finished-at="2023-01-31T00:54:04 IST" duration-ms="245" status="PASS">
          <params>
            <param index="0">
              <value>
                <![CDATA[[TestResult name=demo2 status=SUCCESS method=TestCase3.demo2()[pri:0, instance:script.TestCase3@4803b726] output=TestCase3 Regression]]]>
              </value>
            </param>
          </params>
          <reporter-output>
          </reporter-output>
        </test-method> <!-- closeApp -->
        <test-method is-config="true" signature="openApp()[pri:0, instance:script.TestCase3@4803b726]" started-at="2023-01-31T00:54:04 IST" name="openApp" finished-at="2023-01-31T00:54:10 IST" duration-ms="5415" status="PASS">
          <reporter-output>
          </reporter-output>
        </test-method> <!-- openApp -->
        <test-method signature="demo3()[pri:0, instance:script.TestCase3@4803b726]" started-at="2023-01-31T00:54:10 IST" name="demo3" finished-at="2023-01-31T00:54:10 IST" duration-ms="1" status="PASS">
          <reporter-output>
            <line>
              <![CDATA[TestCase3 NoSmoke-NoRegression]]>
            </line>
          </reporter-output>
        </test-method> <!-- demo3 -->
        <test-method is-config="true" signature="closeApp(org.testng.ITestResult)[pri:0, instance:script.TestCase3@4803b726]" started-at="2023-01-31T00:54:10 IST" name="closeApp" finished-at="2023-01-31T00:54:10 IST" duration-ms="258" status="PASS">
          <params>
            <param index="0">
              <value>
                <![CDATA[[TestResult name=demo3 status=SUCCESS method=TestCase3.demo3()[pri:0, instance:script.TestCase3@4803b726] output=TestCase3 NoSmoke-NoRegression]]]>
              </value>
            </param>
          </params>
          <reporter-output>
          </reporter-output>
        </test-method> <!-- closeApp -->
        <test-method is-config="true" signature="openApp()[pri:0, instance:script.TestCase3@4803b726]" started-at="2023-01-31T00:54:10 IST" name="openApp" finished-at="2023-01-31T00:54:15 IST" duration-ms="5470" status="PASS">
          <reporter-output>
          </reporter-output>
        </test-method> <!-- openApp -->
        <test-method signature="demo4()[pri:0, instance:script.TestCase3@4803b726]" started-at="2023-01-31T00:54:15 IST" name="demo4" finished-at="2023-01-31T00:54:15 IST" duration-ms="1" status="PASS">
          <reporter-output>
            <line>
              <![CDATA[TestCase3 RegionalRegression]]>
            </line>
          </reporter-output>
        </test-method> <!-- demo4 -->
        <test-method is-config="true" signature="closeApp(org.testng.ITestResult)[pri:0, instance:script.TestCase3@4803b726]" started-at="2023-01-31T00:54:15 IST" name="closeApp" finished-at="2023-01-31T00:54:16 IST" duration-ms="279" status="PASS">
          <params>
            <param index="0">
              <value>
                <![CDATA[[TestResult name=demo4 status=SUCCESS method=TestCase3.demo4()[pri:0, instance:script.TestCase3@4803b726] output=TestCase3 RegionalRegression]]]>
              </value>
            </param>
          </params>
          <reporter-output>
          </reporter-output>
        </test-method> <!-- closeApp -->
        <test-method is-config="true" signature="openApp()[pri:0, instance:script.TestCase3@4803b726]" started-at="2023-01-31T00:54:16 IST" name="openApp" finished-at="2023-01-31T00:54:21 IST" duration-ms="5053" status="PASS">
          <reporter-output>
          </reporter-output>
        </test-method> <!-- openApp -->
        <test-method signature="tc3()[pri:0, instance:script.TestCase3@4803b726]" started-at="2023-01-31T00:54:21 IST" name="tc3" finished-at="2023-01-31T00:54:37 IST" duration-ms="16085" status="PASS">
          <reporter-output>
            <line>
              <![CDATA[TestCase3 executed successfully]]>
            </line>
          </reporter-output>
        </test-method> <!-- tc3 -->
        <test-method is-config="true" signature="closeApp(org.testng.ITestResult)[pri:0, instance:script.TestCase3@4803b726]" started-at="2023-01-31T00:54:37 IST" name="closeApp" finished-at="2023-01-31T00:54:37 IST" duration-ms="298" status="PASS">
          <params>
            <param index="0">
              <value>
                <![CDATA[[TestResult name=tc3 status=SUCCESS method=TestCase3.tc3()[pri:0, instance:script.TestCase3@4803b726] output=TestCase3 executed successfully]]]>
              </value>
            </param>
          </params>
          <reporter-output>
          </reporter-output>
        </test-method> <!-- closeApp -->
      </class> <!-- script.TestCase3 -->
    </test> <!-- Test-Runner-2 -->
    <test started-at="2023-01-31T00:53:53 IST" name="Test-Runner-3" finished-at="2023-01-31T00:55:06 IST" duration-ms="72759">
      <class name="script.TestCase1">
        <test-method is-config="true" signature="openApp()[pri:0, instance:script.TestCase1@4dbb42b7]" started-at="2023-01-31T00:54:46 IST" name="openApp" finished-at="2023-01-31T00:54:49 IST" duration-ms="2979" status="PASS">
          <reporter-output>
          </reporter-output>
        </test-method> <!-- openApp -->
        <test-method signature="demo1()[pri:0, instance:script.TestCase1@4dbb42b7]" started-at="2023-01-31T00:54:49 IST" name="demo1" finished-at="2023-01-31T00:54:49 IST" duration-ms="1" status="PASS">
          <reporter-output>
            <line>
              <![CDATA[TestCase1 Smoke]]>
            </line>
          </reporter-output>
        </test-method> <!-- demo1 -->
        <test-method is-config="true" signature="closeApp(org.testng.ITestResult)[pri:0, instance:script.TestCase1@4dbb42b7]" started-at="2023-01-31T00:54:49 IST" name="closeApp" finished-at="2023-01-31T00:54:49 IST" duration-ms="169" status="PASS">
          <params>
            <param index="0">
              <value>
                <![CDATA[[TestResult name=demo1 status=SUCCESS method=TestCase1.demo1()[pri:0, instance:script.TestCase1@4dbb42b7] output=TestCase1 Smoke]]]>
              </value>
            </param>
          </params>
          <reporter-output>
          </reporter-output>
        </test-method> <!-- closeApp -->
        <test-method is-config="true" signature="openApp()[pri:0, instance:script.TestCase1@4dbb42b7]" started-at="2023-01-31T00:54:49 IST" name="openApp" finished-at="2023-01-31T00:54:52 IST" duration-ms="3039" status="PASS">
          <reporter-output>
          </reporter-output>
        </test-method> <!-- openApp -->
        <test-method signature="demo2()[pri:0, instance:script.TestCase1@4dbb42b7]" started-at="2023-01-31T00:54:52 IST" name="demo2" finished-at="2023-01-31T00:54:52 IST" duration-ms="0" status="PASS">
          <reporter-output>
            <line>
              <![CDATA[TestCase1 Regression]]>
            </line>
          </reporter-output>
        </test-method> <!-- demo2 -->
        <test-method is-config="true" signature="closeApp(org.testng.ITestResult)[pri:0, instance:script.TestCase1@4dbb42b7]" started-at="2023-01-31T00:54:52 IST" name="closeApp" finished-at="2023-01-31T00:54:52 IST" duration-ms="163" status="PASS">
          <params>
            <param index="0">
              <value>
                <![CDATA[[TestResult name=demo2 status=SUCCESS method=TestCase1.demo2()[pri:0, instance:script.TestCase1@4dbb42b7] output=TestCase1 Regression]]]>
              </value>
            </param>
          </params>
          <reporter-output>
          </reporter-output>
        </test-method> <!-- closeApp -->
        <test-method is-config="true" signature="openApp()[pri:0, instance:script.TestCase1@4dbb42b7]" started-at="2023-01-31T00:54:52 IST" name="openApp" finished-at="2023-01-31T00:54:55 IST" duration-ms="3054" status="PASS">
          <reporter-output>
          </reporter-output>
        </test-method> <!-- openApp -->
        <test-method signature="demo3()[pri:0, instance:script.TestCase1@4dbb42b7]" started-at="2023-01-31T00:54:55 IST" name="demo3" finished-at="2023-01-31T00:54:55 IST" duration-ms="3" status="PASS">
          <reporter-output>
            <line>
              <![CDATA[TestCase1 NoSmoke-NoRegression]]>
            </line>
          </reporter-output>
        </test-method> <!-- demo3 -->
        <test-method is-config="true" signature="closeApp(org.testng.ITestResult)[pri:0, instance:script.TestCase1@4dbb42b7]" started-at="2023-01-31T00:54:55 IST" name="closeApp" finished-at="2023-01-31T00:54:56 IST" duration-ms="222" status="PASS">
          <params>
            <param index="0">
              <value>
                <![CDATA[[TestResult name=demo3 status=SUCCESS method=TestCase1.demo3()[pri:0, instance:script.TestCase1@4dbb42b7] output=TestCase1 NoSmoke-NoRegression]]]>
              </value>
            </param>
          </params>
          <reporter-output>
          </reporter-output>
        </test-method> <!-- closeApp -->
        <test-method is-config="true" signature="openApp()[pri:0, instance:script.TestCase1@4dbb42b7]" started-at="2023-01-31T00:54:56 IST" name="openApp" finished-at="2023-01-31T00:54:59 IST" duration-ms="3319" status="PASS">
          <reporter-output>
          </reporter-output>
        </test-method> <!-- openApp -->
        <test-method signature="demo4()[pri:0, instance:script.TestCase1@4dbb42b7]" started-at="2023-01-31T00:54:59 IST" name="demo4" finished-at="2023-01-31T00:54:59 IST" duration-ms="1" status="PASS">
          <reporter-output>
            <line>
              <![CDATA[TestCase1 RegionalRegression]]>
            </line>
          </reporter-output>
        </test-method> <!-- demo4 -->
        <test-method is-config="true" signature="closeApp(org.testng.ITestResult)[pri:0, instance:script.TestCase1@4dbb42b7]" started-at="2023-01-31T00:54:59 IST" name="closeApp" finished-at="2023-01-31T00:54:59 IST" duration-ms="178" status="PASS">
          <params>
            <param index="0">
              <value>
                <![CDATA[[TestResult name=demo4 status=SUCCESS method=TestCase1.demo4()[pri:0, instance:script.TestCase1@4dbb42b7] output=TestCase1 RegionalRegression]]]>
              </value>
            </param>
          </params>
          <reporter-output>
          </reporter-output>
        </test-method> <!-- closeApp -->
        <test-method is-config="true" signature="openApp()[pri:0, instance:script.TestCase1@4dbb42b7]" started-at="2023-01-31T00:54:59 IST" name="openApp" finished-at="2023-01-31T00:55:02 IST" duration-ms="2892" status="PASS">
          <reporter-output>
          </reporter-output>
        </test-method> <!-- openApp -->
        <test-method signature="tc1()[pri:0, instance:script.TestCase1@4dbb42b7]" started-at="2023-01-31T00:55:02 IST" name="tc1" finished-at="2023-01-31T00:55:06 IST" duration-ms="3855" status="PASS">
          <reporter-output>
            <line>
              <![CDATA[TestCase1 executed successfully]]>
            </line>
          </reporter-output>
        </test-method> <!-- tc1 -->
        <test-method is-config="true" signature="closeApp(org.testng.ITestResult)[pri:0, instance:script.TestCase1@4dbb42b7]" started-at="2023-01-31T00:55:06 IST" name="closeApp" finished-at="2023-01-31T00:55:06 IST" duration-ms="153" status="PASS">
          <params>
            <param index="0">
              <value>
                <![CDATA[[TestResult name=tc1 status=SUCCESS method=TestCase1.tc1()[pri:0, instance:script.TestCase1@4dbb42b7] output=TestCase1 executed successfully]]]>
              </value>
            </param>
          </params>
          <reporter-output>
          </reporter-output>
        </test-method> <!-- closeApp -->
      </class> <!-- script.TestCase1 -->
      <class name="script.TestCase4">
        <test-method is-config="true" signature="openApp()[pri:0, instance:script.TestCase4@2c1b194a]" started-at="2023-01-31T00:53:53 IST" name="openApp" finished-at="2023-01-31T00:53:58 IST" duration-ms="4922" status="PASS">
          <reporter-output>
          </reporter-output>
        </test-method> <!-- openApp -->
        <test-method signature="demo1()[pri:0, instance:script.TestCase4@2c1b194a]" started-at="2023-01-31T00:53:58 IST" name="demo1" finished-at="2023-01-31T00:53:58 IST" duration-ms="5" status="PASS">
          <reporter-output>
            <line>
              <![CDATA[TestCase4 Smoke]]>
            </line>
          </reporter-output>
        </test-method> <!-- demo1 -->
        <test-method is-config="true" signature="closeApp(org.testng.ITestResult)[pri:0, instance:script.TestCase4@2c1b194a]" started-at="2023-01-31T00:53:58 IST" name="closeApp" finished-at="2023-01-31T00:53:58 IST" duration-ms="164" status="PASS">
          <params>
            <param index="0">
              <value>
                <![CDATA[[TestResult name=demo1 status=SUCCESS method=TestCase4.demo1()[pri:0, instance:script.TestCase4@2c1b194a] output=TestCase4 Smoke]]]>
              </value>
            </param>
          </params>
          <reporter-output>
          </reporter-output>
        </test-method> <!-- closeApp -->
        <test-method is-config="true" signature="openApp()[pri:0, instance:script.TestCase4@2c1b194a]" started-at="2023-01-31T00:53:58 IST" name="openApp" finished-at="2023-01-31T00:54:03 IST" duration-ms="4760" status="PASS">
          <reporter-output>
          </reporter-output>
        </test-method> <!-- openApp -->
        <test-method signature="demo2()[pri:0, instance:script.TestCase4@2c1b194a]" started-at="2023-01-31T00:54:03 IST" name="demo2" finished-at="2023-01-31T00:54:03 IST" duration-ms="2" status="PASS">
          <reporter-output>
            <line>
              <![CDATA[TestCase4 Regression]]>
            </line>
          </reporter-output>
        </test-method> <!-- demo2 -->
        <test-method is-config="true" signature="closeApp(org.testng.ITestResult)[pri:0, instance:script.TestCase4@2c1b194a]" started-at="2023-01-31T00:54:03 IST" name="closeApp" finished-at="2023-01-31T00:54:03 IST" duration-ms="218" status="PASS">
          <params>
            <param index="0">
              <value>
                <![CDATA[[TestResult name=demo2 status=SUCCESS method=TestCase4.demo2()[pri:0, instance:script.TestCase4@2c1b194a] output=TestCase4 Regression]]]>
              </value>
            </param>
          </params>
          <reporter-output>
          </reporter-output>
        </test-method> <!-- closeApp -->
        <test-method is-config="true" signature="openApp()[pri:0, instance:script.TestCase4@2c1b194a]" started-at="2023-01-31T00:54:03 IST" name="openApp" finished-at="2023-01-31T00:54:08 IST" duration-ms="4784" status="PASS">
          <reporter-output>
          </reporter-output>
        </test-method> <!-- openApp -->
        <test-method signature="demo3()[pri:0, instance:script.TestCase4@2c1b194a]" started-at="2023-01-31T00:54:08 IST" name="demo3" finished-at="2023-01-31T00:54:08 IST" duration-ms="1" status="PASS">
          <reporter-output>
            <line>
              <![CDATA[TestCase4 NoSmoke-NoRegression]]>
            </line>
          </reporter-output>
        </test-method> <!-- demo3 -->
        <test-method is-config="true" signature="closeApp(org.testng.ITestResult)[pri:0, instance:script.TestCase4@2c1b194a]" started-at="2023-01-31T00:54:08 IST" name="closeApp" finished-at="2023-01-31T00:54:08 IST" duration-ms="213" status="PASS">
          <params>
            <param index="0">
              <value>
                <![CDATA[[TestResult name=demo3 status=SUCCESS method=TestCase4.demo3()[pri:0, instance:script.TestCase4@2c1b194a] output=TestCase4 NoSmoke-NoRegression]]]>
              </value>
            </param>
          </params>
          <reporter-output>
          </reporter-output>
        </test-method> <!-- closeApp -->
        <test-method is-config="true" signature="openApp()[pri:0, instance:script.TestCase4@2c1b194a]" started-at="2023-01-31T00:54:08 IST" name="openApp" finished-at="2023-01-31T00:54:13 IST" duration-ms="4732" status="PASS">
          <reporter-output>
          </reporter-output>
        </test-method> <!-- openApp -->
        <test-method signature="demo4()[pri:0, instance:script.TestCase4@2c1b194a]" started-at="2023-01-31T00:54:13 IST" name="demo4" finished-at="2023-01-31T00:54:13 IST" duration-ms="1" status="PASS">
          <reporter-output>
            <line>
              <![CDATA[TestCase4 RegionalRegression]]>
            </line>
          </reporter-output>
        </test-method> <!-- demo4 -->
        <test-method is-config="true" signature="closeApp(org.testng.ITestResult)[pri:0, instance:script.TestCase4@2c1b194a]" started-at="2023-01-31T00:54:13 IST" name="closeApp" finished-at="2023-01-31T00:54:13 IST" duration-ms="334" status="PASS">
          <params>
            <param index="0">
              <value>
                <![CDATA[[TestResult name=demo4 status=SUCCESS method=TestCase4.demo4()[pri:0, instance:script.TestCase4@2c1b194a] output=TestCase4 RegionalRegression]]]>
              </value>
            </param>
          </params>
          <reporter-output>
          </reporter-output>
        </test-method> <!-- closeApp -->
        <test-method is-config="true" signature="openApp()[pri:0, instance:script.TestCase4@2c1b194a]" started-at="2023-01-31T00:54:13 IST" name="openApp" finished-at="2023-01-31T00:54:18 IST" duration-ms="5052" status="PASS">
          <reporter-output>
          </reporter-output>
        </test-method> <!-- openApp -->
        <test-method signature="tc4()[pri:0, instance:script.TestCase4@2c1b194a]" started-at="2023-01-31T00:54:18 IST" name="tc4" finished-at="2023-01-31T00:54:45 IST" duration-ms="26956" status="FAIL">
          <exception class="org.openqa.selenium.StaleElementReferenceException">
            <message>
              <![CDATA[stale element reference: element is not attached to the page document
  (Session info: chrome=108.0.5359.126)
For documentation on this error, please visit: https://www.seleniumhq.org/exceptions/stale_element_reference.html
Build info: version: '3.141.59', revision: 'e82be7d358', time: '2018-11-14T08:17:03'
System info: host: 'ICPL15081', ip: '192.168.29.82', os.name: 'Windows 10', os.arch: 'amd64', os.version: '10.0', java.version: '17.0.5'
Driver info: org.openqa.selenium.chrome.ChromeDriver
Capabilities {acceptInsecureCerts: false, browserName: chrome, browserVersion: 108.0.5359.126, chrome: {chromedriverVersion: 108.0.5359.71 (1e0e3868ee06..., userDataDir: C:\Users\SHRUTI~1.DHA\AppDa...}, goog:chromeOptions: {debuggerAddress: localhost:65500}, javascriptEnabled: true, networkConnectionEnabled: false, pageLoadStrategy: normal, platform: WINDOWS, platformName: WINDOWS, proxy: Proxy(), setWindowRect: true, strictFileInteractability: false, timeouts: {implicit: 0, pageLoad: 300000, script: 30000}, unhandledPromptBehavior: dismiss and notify, webauthn:extension:credBlob: true, webauthn:extension:largeBlob: true, webauthn:virtualAuthenticators: true}
Session ID: b8e0d2ec699f37470c9d71cd5b8d583a]]>
            </message>
            <full-stacktrace>
              <![CDATA[org.openqa.selenium.StaleElementReferenceException: stale element reference: element is not attached to the page document
  (Session info: chrome=108.0.5359.126)
For documentation on this error, please visit: https://www.seleniumhq.org/exceptions/stale_element_reference.html
Build info: version: '3.141.59', revision: 'e82be7d358', time: '2018-11-14T08:17:03'
System info: host: 'ICPL15081', ip: '192.168.29.82', os.name: 'Windows 10', os.arch: 'amd64', os.version: '10.0', java.version: '17.0.5'
Driver info: org.openqa.selenium.chrome.ChromeDriver
Capabilities {acceptInsecureCerts: false, browserName: chrome, browserVersion: 108.0.5359.126, chrome: {chromedriverVersion: 108.0.5359.71 (1e0e3868ee06..., userDataDir: C:\Users\SHRUTI~1.DHA\AppDa...}, goog:chromeOptions: {debuggerAddress: localhost:65500}, javascriptEnabled: true, networkConnectionEnabled: false, pageLoadStrategy: normal, platform: WINDOWS, platformName: WINDOWS, proxy: Proxy(), setWindowRect: true, strictFileInteractability: false, timeouts: {implicit: 0, pageLoad: 300000, script: 30000}, unhandledPromptBehavior: dismiss and notify, webauthn:extension:credBlob: true, webauthn:extension:largeBlob: true, webauthn:virtualAuthenticators: true}
Session ID: b8e0d2ec699f37470c9d71cd5b8d583a
at java.base/jdk.internal.reflect.NativeConstructorAccessorImpl.newInstance0(Native Method)
at java.base/jdk.internal.reflect.NativeConstructorAccessorImpl.newInstance(NativeConstructorAccessorImpl.java:77)
at java.base/jdk.internal.reflect.DelegatingConstructorAccessorImpl.newInstance(DelegatingConstructorAccessorImpl.java:45)
at java.base/java.lang.reflect.Constructor.newInstanceWithCaller(Constructor.java:499)
at java.base/java.lang.reflect.Constructor.newInstance(Constructor.java:480)
at org.openqa.selenium.remote.http.W3CHttpResponseCodec.createException(W3CHttpResponseCodec.java:187)
at org.openqa.selenium.remote.http.W3CHttpResponseCodec.decode(W3CHttpResponseCodec.java:122)
at org.openqa.selenium.remote.http.W3CHttpResponseCodec.decode(W3CHttpResponseCodec.java:49)
at org.openqa.selenium.remote.HttpCommandExecutor.execute(HttpCommandExecutor.java:158)
at org.openqa.selenium.remote.service.DriverCommandExecutor.execute(DriverCommandExecutor.java:83)
at org.openqa.selenium.remote.RemoteWebDriver.execute(RemoteWebDriver.java:552)
at org.openqa.selenium.remote.RemoteWebElement.execute(RemoteWebElement.java:285)
at org.openqa.selenium.remote.RemoteWebElement.getAttribute(RemoteWebElement.java:134)
at script.TestCase4.tc4(TestCase4.java:19)
at java.base/jdk.internal.reflect.NativeMethodAccessorImpl.invoke0(Native Method)
at java.base/jdk.internal.reflect.NativeMethodAccessorImpl.invoke(NativeMethodAccessorImpl.java:77)
at java.base/jdk.internal.reflect.DelegatingMethodAccessorImpl.invoke(DelegatingMethodAccessorImpl.java:43)
at java.base/java.lang.reflect.Method.invoke(Method.java:568)
at org.testng.internal.MethodInvocationHelper.invokeMethod(MethodInvocationHelper.java:133)
at org.testng.internal.TestInvoker.invokeMethod(TestInvoker.java:598)
at org.testng.internal.TestInvoker.invokeTestMethod(TestInvoker.java:173)
at org.testng.internal.MethodRunner.runInSequence(MethodRunner.java:46)
at org.testng.internal.TestInvoker$MethodInvocationAgent.invoke(TestInvoker.java:824)
at org.testng.internal.TestInvoker.invokeTestMethods(TestInvoker.java:146)
at org.testng.internal.TestMethodWorker.invokeTestMethods(TestMethodWorker.java:146)
at org.testng.internal.TestMethodWorker.run(TestMethodWorker.java:128)
at java.base/java.util.ArrayList.forEach(ArrayList.java:1511)
at org.testng.TestRunner.privateRun(TestRunner.java:794)
at org.testng.TestRunner.run(TestRunner.java:596)
at org.testng.SuiteRunner.runTest(SuiteRunner.java:377)
at org.testng.SuiteRunner.access$000(SuiteRunner.java:28)
at org.testng.SuiteRunner$SuiteWorker.run(SuiteRunner.java:418)
at org.testng.internal.thread.ThreadUtil.lambda$execute$0(ThreadUtil.java:64)
at java.base/java.util.concurrent.FutureTask.run(FutureTask.java:264)
at java.base/java.util.concurrent.ThreadPoolExecutor.runWorker(ThreadPoolExecutor.java:1136)
at java.base/java.util.concurrent.ThreadPoolExecutor$Worker.run(ThreadPoolExecutor.java:635)
at java.base/java.lang.Thread.run(Thread.java:833)
]]>
            </full-stacktrace>
          </exception> <!-- org.openqa.selenium.StaleElementReferenceException -->
          <reporter-output>
          </reporter-output>
        </test-method> <!-- tc4 -->
        <test-method is-config="true" signature="closeApp(org.testng.ITestResult)[pri:0, instance:script.TestCase4@2c1b194a]" started-at="2023-01-31T00:54:45 IST" name="closeApp" finished-at="2023-01-31T00:54:46 IST" duration-ms="526" status="PASS">
          <params>
            <param index="0">
              <value>
                <![CDATA[[TestResult name=tc4 status=FAILURE method=TestCase4.tc4()[pri:0, instance:script.TestCase4@2c1b194a] output={null}]]]>
              </value>
            </param>
          </params>
          <reporter-output>
          </reporter-output>
        </test-method> <!-- closeApp -->
      </class> <!-- script.TestCase4 -->
    </test> <!-- Test-Runner-3 -->
  </suite> <!-- Suite -->
</testng-results>
